<?xml version="1.0" encoding="UTF-8" ?>
<testsuite errors="0" failures="0" hostname="Jay_PC" name="JumperTest" skipped="0" tests="10" time="0.094" timestamp="2015-08-21T09:29:27">
  <properties>
[...]
</properties>
  <testcase classname="JumperTest" name="testCanMJ" time="0.0" />
  <testcase classname="JumperTest" name="testAct1" time="0.0" />
  <testcase classname="JumperTest" name="testAct2" time="0.0" />
  <testcase classname="JumperTest" name="testAct3" time="0.015" />
  <testcase classname="JumperTest" name="testAct4" time="0.0" />
  <testcase classname="JumperTest" name="testJump" time="0.0" />
  <testcase classname="JumperTest" name="testTurn" time="0.0" />
  <testcase classname="JumperTest" name="testCanPutOntoLocation" time="0.0" />
  <testcase classname="JumperTest" name="testFlower" time="0.0" />
  <testcase classname="JumperTest" name="testJumperColor" time="0.0" />
  <system-out><![CDATA[]]></system-out>
  <system-err><![CDATA[]]></system-err>
</testsuite>
