<?xml version="1.0" encoding="UTF-8" ?>
<testsuites>
  <testsuite errors="0" failures="0" hostname="vinzor-virtual-machine" id="0" name="ImplementImageProcesserTest" package="" skipped="0" tests="8" time="2.625" timestamp="2015-08-24T07:29:59">
      <properties>
[...]
</properties>

      <testcase classname="ImplementImageProcesserTest" name="testShowGray1" time="0.368" />

      <testcase classname="ImplementImageProcesserTest" name="testShowGray2" time="0.408" />

      <testcase classname="ImplementImageProcesserTest" name="testShowChanelB1" time="0.129" />

      <testcase classname="ImplementImageProcesserTest" name="testShowChanelB2" time="0.491" />

      <testcase classname="ImplementImageProcesserTest" name="testShowChanelG1" time="0.138" />

      <testcase classname="ImplementImageProcesserTest" name="testShowChanelG2" time="0.419" />

      <testcase classname="ImplementImageProcesserTest" name="testShowChanelR1" time="0.205" />

      <testcase classname="ImplementImageProcesserTest" name="testShowChanelR2" time="0.358" />

      <system-out><![CDATA[]]></system-out>

      <system-err><![CDATA[]]></system-err>

  </testsuite>
</testsuites>
